Using pre-set license
Built from '2020.3/staging' branch; Version is '2020.3.19f1 (68f137dc9bbe) revision 6877495'; Using compiler version '192528614'; Build Type 'Release'
OS: 'Windows 10 Pro; OS build 19043.1237; Version 2009; 64bit' Language: 'es' Physical Memory: 16342 MB
BatchMode: 1, IsHumanControllingUs: 0, StartBugReporterOnCrash: 0, Is64bit: 1, IsPro: 0

COMMAND LINE ARGUMENTS:
C:\Program Files\Unity\Hub\Editor\2020.3.19f1\Editor\Unity.exe
-adb2
-batchMode
-noUpm
-name
AssetImportWorker0
-projectPath
D:/Victor Navarro Villgren/Multidispositivo/entregable1-Victor-Navarro/Entregable 1
-logFile
Logs/AssetImportWorker0.log
-srvPort
54689
Successfully changed project path to: D:/Victor Navarro Villgren/Multidispositivo/entregable1-Victor-Navarro/Entregable 1
D:/Victor Navarro Villgren/Multidispositivo/entregable1-Victor-Navarro/Entregable 1
Using Asset Import Pipeline V2.
Refreshing native plugins compatible for Editor in 43.86 ms, found 2 plugins.
Preloading 0 native plugins for Editor in 0.00 ms.
Initialize engine version: 2020.3.19f1 (68f137dc9bbe)
[Subsystems] Discovering subsystems at path C:/Program Files/Unity/Hub/Editor/2020.3.19f1/Editor/Data/Resources/UnitySubsystems
[Subsystems] Discovering subsystems at path D:/Victor Navarro Villgren/Multidispositivo/entregable1-Victor-Navarro/Entregable 1/Assets
GfxDevice: creating device client; threaded=0
Direct3D:
    Version:  Direct3D 11.0 [level 11.1]
    Renderer: NVIDIA GeForce GTX 1050 Ti (ID=0x1c82)
    Vendor:   
    VRAM:     4018 MB
    Driver:   27.21.14.5671
Initialize mono
Mono path[0] = 'C:/Program Files/Unity/Hub/Editor/2020.3.19f1/Editor/Data/Managed'
Mono path[1] = 'C:/Program Files/Unity/Hub/Editor/2020.3.19f1/Editor/Data/MonoBleedingEdge/lib/mono/unityjit'
Mono config path = 'C:/Program Files/Unity/Hub/Editor/2020.3.19f1/Editor/Data/MonoBleedingEdge/etc'
Using monoOptions --debugger-agent=transport=dt_socket,embedding=1,server=y,suspend=n,address=127.0.0.1:56412
Begin MonoManager ReloadAssembly
Registering precompiled unity dll's ...
Register platform support module: C:/Program Files/Unity/Hub/Editor/2020.3.19f1/Editor/Data/PlaybackEngines/WindowsStandaloneSupport/UnityEditor.WindowsStandalone.Extensions.dll
Registered in 0.003448 seconds.
Native extension for WindowsStandalone target not found
Refreshing native plugins compatible for Editor in 43.32 ms, found 2 plugins.
Preloading 0 native plugins for Editor in 0.00 ms.
Mono: successfully reloaded assembly
- Completed reload, in  1.715 seconds
Domain Reload Profiling:
	ReloadAssembly (1715ms)
		BeginReloadAssembly (94ms)
			ExecutionOrderSort (0ms)
			DisableScriptedObjects (0ms)
			BackupInstance (0ms)
			ReleaseScriptingObjects (0ms)
			CreateAndSetChildDomain (1ms)
		EndReloadAssembly (688ms)
			LoadAssemblies (91ms)
			RebuildTransferFunctionScriptingTraits (0ms)
			SetupTypeCache (271ms)
			ReleaseScriptCaches (0ms)
			RebuildScriptCaches (45ms)
			SetupLoadedEditorAssemblies (262ms)
				LogAssemblyErrors (0ms)
				InitializePlatformSupportModulesInManaged (6ms)
				SetLoadedEditorAssemblies (0ms)
				RefreshPlugins (43ms)
				BeforeProcessingInitializeOnLoad (12ms)
				ProcessInitializeOnLoadAttributes (142ms)
				ProcessInitializeOnLoadMethodAttributes (57ms)
				AfterProcessingInitializeOnLoad (1ms)
				EditorAssembliesLoaded (0ms)
			ExecutionOrderSort2 (0ms)
			AwakeInstancesAfterBackupRestoration (0ms)
Platform modules already initialized, skipping
Registering precompiled user dll's ...
Registered in 0.002988 seconds.
Begin MonoManager ReloadAssembly
Native extension for WindowsStandalone target not found
Refreshing native plugins compatible for Editor in 0.63 ms, found 2 plugins.
Preloading 0 native plugins for Editor in 0.00 ms.
Mono: successfully reloaded assembly
- Completed reload, in  1.500 seconds
Domain Reload Profiling:
	ReloadAssembly (1501ms)
		BeginReloadAssembly (274ms)
			ExecutionOrderSort (0ms)
			DisableScriptedObjects (7ms)
			BackupInstance (0ms)
			ReleaseScriptingObjects (0ms)
			CreateAndSetChildDomain (27ms)
		EndReloadAssembly (1135ms)
			LoadAssemblies (139ms)
			RebuildTransferFunctionScriptingTraits (0ms)
			SetupTypeCache (402ms)
			ReleaseScriptCaches (1ms)
			RebuildScriptCaches (59ms)
			SetupLoadedEditorAssemblies (420ms)
				LogAssemblyErrors (0ms)
				InitializePlatformSupportModulesInManaged (7ms)
				SetLoadedEditorAssemblies (1ms)
				RefreshPlugins (1ms)
				BeforeProcessingInitializeOnLoad (75ms)
				ProcessInitializeOnLoadAttributes (320ms)
				ProcessInitializeOnLoadMethodAttributes (8ms)
				AfterProcessingInitializeOnLoad (8ms)
				EditorAssembliesLoaded (0ms)
			ExecutionOrderSort2 (0ms)
			AwakeInstancesAfterBackupRestoration (9ms)
Platform modules already initialized, skipping
========================================================================
Worker process is ready to serve import requests
Launched and connected shader compiler UnityShaderCompiler.exe after 0.05 seconds
Refreshing native plugins compatible for Editor in 0.33 ms, found 2 plugins.
Preloading 0 native plugins for Editor in 0.00 ms.
Unloading 1397 Unused Serialized files (Serialized files now loaded: 0)
System memory in use before: 65.4 MB.
System memory in use after: 65.5 MB.

Unloading 16 unused Assets to reduce memory usage. Loaded Objects now: 1832.
Total: 3.725100 ms (FindLiveObjects: 0.226900 ms CreateObjectMapping: 0.074700 ms MarkObjects: 3.343600 ms  DeleteObjects: 0.078500 ms)

AssetImportParameters requested are different than current active one (requested -> active):
  custom:framework-win-MediaFoundation: 216162199b28c13a410421893ffa2e32 -> 
  custom:video-decoder-ogg-theora: a1e56fd34408186e4bbccfd4996cb3dc -> 
  custom:container-muxer-webm: aa71ff27fc2769a1b78a27578f13a17b -> 
  custom:container-demuxer-webm: 4f35f7cbe854078d1ac9338744f61a02 -> 
  custom:container-demuxer-ogg: 62fdf1f143b41e24485cea50d1cbac27 -> 
  custom:video-encoder-webm-vp8: eb34c28f22e8b96e1ab97ce403110664 -> 
  custom:video-decoder-webm-vp8: 9c59270c3fd7afecdb556c50c9e8de78 -> 
  custom:audio-decoder-ogg-vorbis: bf7c407c2cedff20999df2af8eb42d56 -> 
  custom:audio-encoder-webm-vorbis: bf7c407c2cedff20999df2af8eb42d56 -> 
========================================================================
Received Import Request.
  path: Assets/Scenes
  artifactKey: Guid(264842ae48c98764385f6a4d9efbba63) Importer(815301076,1909f56bfc062723c751e8b465ee728b)
Start importing Assets/Scenes using Guid(264842ae48c98764385f6a4d9efbba63) Importer(815301076,1909f56bfc062723c751e8b465ee728b)  -> (artifact id: 'a36495a9d11ce856f81015567d0cc197') in 0.004496 seconds 
  Import took 0.007216 seconds .

========================================================================
Received Import Request.
  Time since last request: 11.038498 seconds.
  path: Assets/Scenes/SampleScene.unity
  artifactKey: Guid(9fc0d4010bbf28b4594072e72b8655ab) Importer(815301076,1909f56bfc062723c751e8b465ee728b)
Start importing Assets/Scenes/SampleScene.unity using Guid(9fc0d4010bbf28b4594072e72b8655ab) Importer(815301076,1909f56bfc062723c751e8b465ee728b)  -> (artifact id: '85059f4f9e1a832ed95adaa0d25c5c4c') in 0.016218 seconds 
  Import took 0.020127 seconds .

========================================================================
Received Import Request.
  Time since last request: 23.057677 seconds.
  path: Assets/Scenes/Entregable_1.unity
  artifactKey: Guid(9fc0d4010bbf28b4594072e72b8655ab) Importer(815301076,1909f56bfc062723c751e8b465ee728b)
Start importing Assets/Scenes/Entregable_1.unity using Guid(9fc0d4010bbf28b4594072e72b8655ab) Importer(815301076,1909f56bfc062723c751e8b465ee728b)  -> (artifact id: 'fb432f86efaad9b0d2db86e1e3316fb4') in 0.006867 seconds 
  Import took 0.019942 seconds .

========================================================================
Received Import Request.
  Time since last request: 7.810629 seconds.
  path: Assets/Scenes/Entregable 1.unity
  artifactKey: Guid(9fc0d4010bbf28b4594072e72b8655ab) Importer(815301076,1909f56bfc062723c751e8b465ee728b)
Start importing Assets/Scenes/Entregable 1.unity using Guid(9fc0d4010bbf28b4594072e72b8655ab) Importer(815301076,1909f56bfc062723c751e8b465ee728b)  -> (artifact id: '5aafe965f4d9ae332714290b26495465') in 0.003706 seconds 
  Import took 0.016983 seconds .

========================================================================
Received Import Request.
  Time since last request: 29.276378 seconds.
  path: Assets/Materials/Black_mat.mat
  artifactKey: Guid(35e8b982d490cb4478992f2fe0deb9e2) Importer(815301076,1909f56bfc062723c751e8b465ee728b)
Start importing Assets/Materials/Black_mat.mat using Guid(35e8b982d490cb4478992f2fe0deb9e2) Importer(815301076,1909f56bfc062723c751e8b465ee728b)  -> (artifact id: 'a4d243d8264c3e528ac4d9e4b9a0f1a2') in 0.461221 seconds 
  Import took 0.465847 seconds .

========================================================================
Received Import Request.
  Time since last request: 0.000244 seconds.
  path: Assets/Materials/Head_Mat.mat
  artifactKey: Guid(4a6d0916fec8ac74c919e416d16420f3) Importer(815301076,1909f56bfc062723c751e8b465ee728b)
Start importing Assets/Materials/Head_Mat.mat using Guid(4a6d0916fec8ac74c919e416d16420f3) Importer(815301076,1909f56bfc062723c751e8b465ee728b)  -> (artifact id: '78e6a379838dc5896b3377fda79ae989') in 0.026734 seconds 
  Import took 0.031851 seconds .

========================================================================
Received Import Request.
  Time since last request: 0.000217 seconds.
  path: Assets/Materials/Yellow_mat.mat
  artifactKey: Guid(9db8441d8289cf149914d0d1d0e2d516) Importer(815301076,1909f56bfc062723c751e8b465ee728b)
Start importing Assets/Materials/Yellow_mat.mat using Guid(9db8441d8289cf149914d0d1d0e2d516) Importer(815301076,1909f56bfc062723c751e8b465ee728b)  -> (artifact id: '74cc37946676106590df14e845407ef1') in 0.235375 seconds 
  Import took 0.238440 seconds .

========================================================================
Received Import Request.
  Time since last request: 0.000209 seconds.
  path: Assets/Materials/Grey_Mat.mat
  artifactKey: Guid(9fd4862574527324a84947f1ae7088bf) Importer(815301076,1909f56bfc062723c751e8b465ee728b)
Start importing Assets/Materials/Grey_Mat.mat using Guid(9fd4862574527324a84947f1ae7088bf) Importer(815301076,1909f56bfc062723c751e8b465ee728b)  -> (artifact id: '2369c4017d71d83cd2008cd106257316') in 0.020595 seconds 
  Import took 0.023429 seconds .

========================================================================
Received Import Request.
  Time since last request: 0.000236 seconds.
  path: Assets/Materials/Blue_Mat.mat
  artifactKey: Guid(103d97320d336c646b99f5d7328804d3) Importer(815301076,1909f56bfc062723c751e8b465ee728b)
Start importing Assets/Materials/Blue_Mat.mat using Guid(103d97320d336c646b99f5d7328804d3) Importer(815301076,1909f56bfc062723c751e8b465ee728b)  -> (artifact id: '3e9553b9e5561dfe83ee828190ac18dc') in 0.019765 seconds 
  Import took 0.025329 seconds .

========================================================================
Received Import Request.
  Time since last request: 0.000209 seconds.
  path: Assets/Materials/Body_mat.mat
  artifactKey: Guid(a437cae53f4afef4b8dc382fd1c9b7f1) Importer(815301076,1909f56bfc062723c751e8b465ee728b)
Start importing Assets/Materials/Body_mat.mat using Guid(a437cae53f4afef4b8dc382fd1c9b7f1) Importer(815301076,1909f56bfc062723c751e8b465ee728b)  -> (artifact id: '02a719fd1a57d32f22b16352e0bc0a87') in 0.020885 seconds 
  Import took 0.024303 seconds .

========================================================================
Received Import Request.
  Time since last request: 2.727681 seconds.
  path: Assets/Prefabs/Robot (1) Variant.prefab
  artifactKey: Guid(4de0deaec5174ce4eb29db25a89e999d) Importer(815301076,1909f56bfc062723c751e8b465ee728b)
Start importing Assets/Prefabs/Robot (1) Variant.prefab using Guid(4de0deaec5174ce4eb29db25a89e999d) Importer(815301076,1909f56bfc062723c751e8b465ee728b)  -> (artifact id: '9a04aacce31d2fb4d1526b292c0805ae') in 0.036035 seconds 
  Import took 0.040011 seconds .

========================================================================
Received Import Request.
  Time since last request: 0.000256 seconds.
  path: Assets/Prefabs/Robot.prefab
  artifactKey: Guid(0b1c3ccee4bbca848b79881dd32a0d19) Importer(815301076,1909f56bfc062723c751e8b465ee728b)
Start importing Assets/Prefabs/Robot.prefab using Guid(0b1c3ccee4bbca848b79881dd32a0d19) Importer(815301076,1909f56bfc062723c751e8b465ee728b)  -> (artifact id: 'e5b7c25ddb8a9988d94de4333f4f53e3') in 0.029405 seconds 
  Import took 0.032742 seconds .

========================================================================
Received Import Request.
  Time since last request: 34.475865 seconds.
  path: Assets/Prefabs/Robot (1) Variant.prefab
  artifactKey: Guid(4de0deaec5174ce4eb29db25a89e999d) Importer(815301076,1909f56bfc062723c751e8b465ee728b)
Start importing Assets/Prefabs/Robot (1) Variant.prefab using Guid(4de0deaec5174ce4eb29db25a89e999d) Importer(815301076,1909f56bfc062723c751e8b465ee728b)  -> (artifact id: '21f0aab2485c26bb44de81a7b71f4992') in 0.012294 seconds 
  Import took 0.016748 seconds .

AssetImportWorkerClient::OnTransportError - code=2 error=End of file
