Using pre-set license
Built from '2020.3/staging' branch; Version is '2020.3.19f1 (68f137dc9bbe) revision 6877495'; Using compiler version '192528614'; Build Type 'Release'
OS: 'Windows 10 Pro; OS build 19043.1237; Version 2009; 64bit' Language: 'es' Physical Memory: 16342 MB
BatchMode: 1, IsHumanControllingUs: 0, StartBugReporterOnCrash: 0, Is64bit: 1, IsPro: 0

COMMAND LINE ARGUMENTS:
C:\Program Files\Unity\Hub\Editor\2020.3.19f1\Editor\Unity.exe
-adb2
-batchMode
-noUpm
-name
AssetImportWorker0
-projectPath
D:/Victor Navarro Villgren/Multidispositivo/entregable1-Victor-Navarro/Entregable 1
-logFile
Logs/AssetImportWorker0.log
-srvPort
55073
Successfully changed project path to: D:/Victor Navarro Villgren/Multidispositivo/entregable1-Victor-Navarro/Entregable 1
D:/Victor Navarro Villgren/Multidispositivo/entregable1-Victor-Navarro/Entregable 1
Using Asset Import Pipeline V2.
Refreshing native plugins compatible for Editor in 42.05 ms, found 2 plugins.
Preloading 0 native plugins for Editor in 0.00 ms.
Initialize engine version: 2020.3.19f1 (68f137dc9bbe)
[Subsystems] Discovering subsystems at path C:/Program Files/Unity/Hub/Editor/2020.3.19f1/Editor/Data/Resources/UnitySubsystems
[Subsystems] Discovering subsystems at path D:/Victor Navarro Villgren/Multidispositivo/entregable1-Victor-Navarro/Entregable 1/Assets
GfxDevice: creating device client; threaded=0
Direct3D:
    Version:  Direct3D 11.0 [level 11.1]
    Renderer: NVIDIA GeForce GTX 1050 Ti (ID=0x1c82)
    Vendor:   
    VRAM:     4018 MB
    Driver:   27.21.14.5671
Initialize mono
Mono path[0] = 'C:/Program Files/Unity/Hub/Editor/2020.3.19f1/Editor/Data/Managed'
Mono path[1] = 'C:/Program Files/Unity/Hub/Editor/2020.3.19f1/Editor/Data/MonoBleedingEdge/lib/mono/unityjit'
Mono config path = 'C:/Program Files/Unity/Hub/Editor/2020.3.19f1/Editor/Data/MonoBleedingEdge/etc'
Using monoOptions --debugger-agent=transport=dt_socket,embedding=1,server=y,suspend=n,address=127.0.0.1:56348
Begin MonoManager ReloadAssembly
Registering precompiled unity dll's ...
Register platform support module: C:/Program Files/Unity/Hub/Editor/2020.3.19f1/Editor/Data/PlaybackEngines/WindowsStandaloneSupport/UnityEditor.WindowsStandalone.Extensions.dll
Registered in 0.003054 seconds.
Native extension for WindowsStandalone target not found
Refreshing native plugins compatible for Editor in 39.84 ms, found 2 plugins.
Preloading 0 native plugins for Editor in 0.00 ms.
Mono: successfully reloaded assembly
- Completed reload, in  1.624 seconds
Domain Reload Profiling:
	ReloadAssembly (1625ms)
		BeginReloadAssembly (92ms)
			ExecutionOrderSort (0ms)
			DisableScriptedObjects (0ms)
			BackupInstance (0ms)
			ReleaseScriptingObjects (0ms)
			CreateAndSetChildDomain (1ms)
		EndReloadAssembly (621ms)
			LoadAssemblies (88ms)
			RebuildTransferFunctionScriptingTraits (0ms)
			SetupTypeCache (238ms)
			ReleaseScriptCaches (0ms)
			RebuildScriptCaches (45ms)
			SetupLoadedEditorAssemblies (235ms)
				LogAssemblyErrors (0ms)
				InitializePlatformSupportModulesInManaged (6ms)
				SetLoadedEditorAssemblies (0ms)
				RefreshPlugins (40ms)
				BeforeProcessingInitializeOnLoad (16ms)
				ProcessInitializeOnLoadAttributes (129ms)
				ProcessInitializeOnLoadMethodAttributes (44ms)
				AfterProcessingInitializeOnLoad (0ms)
				EditorAssembliesLoaded (0ms)
			ExecutionOrderSort2 (0ms)
			AwakeInstancesAfterBackupRestoration (0ms)
Platform modules already initialized, skipping
Registering precompiled user dll's ...
Registered in 0.002849 seconds.
Begin MonoManager ReloadAssembly
Native extension for WindowsStandalone target not found
Refreshing native plugins compatible for Editor in 0.34 ms, found 2 plugins.
Preloading 0 native plugins for Editor in 0.00 ms.
Mono: successfully reloaded assembly
- Completed reload, in  1.521 seconds
Domain Reload Profiling:
	ReloadAssembly (1523ms)
		BeginReloadAssembly (214ms)
			ExecutionOrderSort (0ms)
			DisableScriptedObjects (7ms)
			BackupInstance (0ms)
			ReleaseScriptingObjects (0ms)
			CreateAndSetChildDomain (25ms)
		EndReloadAssembly (1208ms)
			LoadAssemblies (124ms)
			RebuildTransferFunctionScriptingTraits (0ms)
			SetupTypeCache (407ms)
			ReleaseScriptCaches (0ms)
			RebuildScriptCaches (62ms)
			SetupLoadedEditorAssemblies (468ms)
				LogAssemblyErrors (0ms)
				InitializePlatformSupportModulesInManaged (7ms)
				SetLoadedEditorAssemblies (1ms)
				RefreshPlugins (0ms)
				BeforeProcessingInitializeOnLoad (81ms)
				ProcessInitializeOnLoadAttributes (362ms)
				ProcessInitializeOnLoadMethodAttributes (7ms)
				AfterProcessingInitializeOnLoad (9ms)
				EditorAssembliesLoaded (0ms)
			ExecutionOrderSort2 (0ms)
			AwakeInstancesAfterBackupRestoration (11ms)
Platform modules already initialized, skipping
========================================================================
Worker process is ready to serve import requests
Launched and connected shader compiler UnityShaderCompiler.exe after 0.06 seconds
Refreshing native plugins compatible for Editor in 0.52 ms, found 2 plugins.
Preloading 0 native plugins for Editor in 0.00 ms.
Unloading 1397 Unused Serialized files (Serialized files now loaded: 0)
System memory in use before: 65.4 MB.
System memory in use after: 65.5 MB.

Unloading 16 unused Assets to reduce memory usage. Loaded Objects now: 1832.
Total: 3.573600 ms (FindLiveObjects: 0.196800 ms CreateObjectMapping: 0.081700 ms MarkObjects: 3.214900 ms  DeleteObjects: 0.078900 ms)

AssetImportParameters requested are different than current active one (requested -> active):
  custom:framework-win-MediaFoundation: 216162199b28c13a410421893ffa2e32 -> 
  custom:video-decoder-ogg-theora: a1e56fd34408186e4bbccfd4996cb3dc -> 
  custom:container-muxer-webm: aa71ff27fc2769a1b78a27578f13a17b -> 
  custom:container-demuxer-webm: 4f35f7cbe854078d1ac9338744f61a02 -> 
  custom:container-demuxer-ogg: 62fdf1f143b41e24485cea50d1cbac27 -> 
  custom:video-encoder-webm-vp8: eb34c28f22e8b96e1ab97ce403110664 -> 
  custom:video-decoder-webm-vp8: 9c59270c3fd7afecdb556c50c9e8de78 -> 
  custom:audio-decoder-ogg-vorbis: bf7c407c2cedff20999df2af8eb42d56 -> 
  custom:audio-encoder-webm-vorbis: bf7c407c2cedff20999df2af8eb42d56 -> 
========================================================================
Received Import Request.
  path: Assets/Prefabs/Robot.prefab
  artifactKey: Guid(0b1c3ccee4bbca848b79881dd32a0d19) Importer(815301076,1909f56bfc062723c751e8b465ee728b)
Start importing Assets/Prefabs/Robot.prefab using Guid(0b1c3ccee4bbca848b79881dd32a0d19) Importer(815301076,1909f56bfc062723c751e8b465ee728b)  -> (artifact id: 'e5b7c25ddb8a9988d94de4333f4f53e3') in 0.158843 seconds 
  Import took 0.162268 seconds .

========================================================================
Received Import Request.
  Time since last request: 37.690945 seconds.
  path: Assets/Prefabs/Robot (1) Variant 1.prefab
  artifactKey: Guid(ff5d54c14fda4ea4b94986636c34f03d) Importer(815301076,1909f56bfc062723c751e8b465ee728b)
Start importing Assets/Prefabs/Robot (1) Variant 1.prefab using Guid(ff5d54c14fda4ea4b94986636c34f03d) Importer(815301076,1909f56bfc062723c751e8b465ee728b)  -> (artifact id: '941b749b638024f9d6ac0ccee1cbdae6') in 0.055419 seconds 
  Import took 0.062706 seconds .

========================================================================
Received Import Request.
  Time since last request: 7.476332 seconds.
  path: Assets/Prefabs/Robot (1) Variant 1.prefab
  artifactKey: Guid(ff5d54c14fda4ea4b94986636c34f03d) Importer(815301076,1909f56bfc062723c751e8b465ee728b)
Start importing Assets/Prefabs/Robot (1) Variant 1.prefab using Guid(ff5d54c14fda4ea4b94986636c34f03d) Importer(815301076,1909f56bfc062723c751e8b465ee728b)  -> (artifact id: '0f4195a9adc08788e14ee419c3fd84a8') in 0.015604 seconds 
  Import took 0.021330 seconds .

========================================================================
Received Import Request.
  Time since last request: 220.298886 seconds.
  path: Assets/Prefabs/Robot.prefab
  artifactKey: Guid(0b1c3ccee4bbca848b79881dd32a0d19) Importer(815301076,1909f56bfc062723c751e8b465ee728b)
Start importing Assets/Prefabs/Robot.prefab using Guid(0b1c3ccee4bbca848b79881dd32a0d19) Importer(815301076,1909f56bfc062723c751e8b465ee728b)  -> (artifact id: '161c15e36f52a00cbd043a4d1dd36b41') in 0.018925 seconds 
  Import took 0.032060 seconds .

========================================================================
Received Import Request.
  Time since last request: 190.292542 seconds.
  path: Assets/Prefabs/Robot.prefab
  artifactKey: Guid(0b1c3ccee4bbca848b79881dd32a0d19) Importer(815301076,1909f56bfc062723c751e8b465ee728b)
Start importing Assets/Prefabs/Robot.prefab using Guid(0b1c3ccee4bbca848b79881dd32a0d19) Importer(815301076,1909f56bfc062723c751e8b465ee728b)  -> (artifact id: 'a9a871ff494a6a6a65c1f6848acf27fa') in 0.018651 seconds 
  Import took 0.033628 seconds .

========================================================================
Received Import Request.
  Time since last request: 96.942323 seconds.
  path: Assets/Materials
  artifactKey: Guid(67c2afd6c4508c84290a1ddcb71d01e8) Importer(815301076,1909f56bfc062723c751e8b465ee728b)
Start importing Assets/Materials using Guid(67c2afd6c4508c84290a1ddcb71d01e8) Importer(815301076,1909f56bfc062723c751e8b465ee728b)  -> (artifact id: '40a11b15c5b9c6a8d03a108893afd87b') in 0.002112 seconds 
  Import took 0.011556 seconds .

========================================================================
Received Import Request.
  Time since last request: 10.637161 seconds.
  path: Assets/Materials/Transparent.mat
  artifactKey: Guid(974675cef015a1441bf992cabe8a88e5) Importer(815301076,1909f56bfc062723c751e8b465ee728b)
Start importing Assets/Materials/Transparent.mat using Guid(974675cef015a1441bf992cabe8a88e5) Importer(815301076,1909f56bfc062723c751e8b465ee728b)  -> (artifact id: 'bbb2d8fc47a8ab4e225bbc1ca036ef86') in 0.057254 seconds 
  Import took 0.061223 seconds .

========================================================================
Received Import Request.
  Time since last request: 374.903951 seconds.
  path: Assets/Prefabs/Robot.prefab
  artifactKey: Guid(0b1c3ccee4bbca848b79881dd32a0d19) Importer(815301076,1909f56bfc062723c751e8b465ee728b)
Start importing Assets/Prefabs/Robot.prefab using Guid(0b1c3ccee4bbca848b79881dd32a0d19) Importer(815301076,1909f56bfc062723c751e8b465ee728b)  -> (artifact id: '9dc165a613c471cff79e832a16a71667') in 0.024252 seconds 
  Import took 0.028296 seconds .

========================================================================
Received Import Request.
  Time since last request: 28.963198 seconds.
  path: Assets/Prefabs/Robot Variant.prefab
  artifactKey: Guid(d7a95b9c29bb24a429f8277250cba94e) Importer(815301076,1909f56bfc062723c751e8b465ee728b)
Start importing Assets/Prefabs/Robot Variant.prefab using Guid(d7a95b9c29bb24a429f8277250cba94e) Importer(815301076,1909f56bfc062723c751e8b465ee728b)  -> (artifact id: '4251004c502f5f47a74184c41d7a4558') in 0.048088 seconds 
  Import took 0.055519 seconds .

========================================================================
Received Import Request.
  Time since last request: 31.038948 seconds.
  path: Assets/Prefabs/Player.prefab
  artifactKey: Guid(0b1c3ccee4bbca848b79881dd32a0d19) Importer(815301076,1909f56bfc062723c751e8b465ee728b)
Start importing Assets/Prefabs/Player.prefab using Guid(0b1c3ccee4bbca848b79881dd32a0d19) Importer(815301076,1909f56bfc062723c751e8b465ee728b)  -> (artifact id: '02c91c0bf18579c7b006b6156068110d') in 0.022023 seconds 
  Import took 0.027564 seconds .

========================================================================
Received Import Request.
  Time since last request: 0.000200 seconds.
  path: Assets/Prefabs/Robot Variant.prefab
  artifactKey: Guid(d7a95b9c29bb24a429f8277250cba94e) Importer(815301076,1909f56bfc062723c751e8b465ee728b)
Start importing Assets/Prefabs/Robot Variant.prefab using Guid(d7a95b9c29bb24a429f8277250cba94e) Importer(815301076,1909f56bfc062723c751e8b465ee728b)  -> (artifact id: '640213af4e044b8c87f9a675c86999ab') in 0.042838 seconds 
  Import took 0.046449 seconds .

========================================================================
Received Import Request.
  Time since last request: 7.712245 seconds.
  path: Assets/Prefabs/Enemy.prefab
  artifactKey: Guid(d7a95b9c29bb24a429f8277250cba94e) Importer(815301076,1909f56bfc062723c751e8b465ee728b)
Start importing Assets/Prefabs/Enemy.prefab using Guid(d7a95b9c29bb24a429f8277250cba94e) Importer(815301076,1909f56bfc062723c751e8b465ee728b)  -> (artifact id: '5ea86baf40b04cb2b40c48b1433184b1') in 0.025729 seconds 
  Import took 0.032092 seconds .

========================================================================
Received Import Request.
  Time since last request: 89.509781 seconds.
  path: Assets/Materials/Transparent_mat.mat
  artifactKey: Guid(974675cef015a1441bf992cabe8a88e5) Importer(815301076,1909f56bfc062723c751e8b465ee728b)
Start importing Assets/Materials/Transparent_mat.mat using Guid(974675cef015a1441bf992cabe8a88e5) Importer(815301076,1909f56bfc062723c751e8b465ee728b)  -> (artifact id: '26521b07f7c112a4b1f1e4b2061c9d65') in 0.020850 seconds 
  Import took 0.028330 seconds .

========================================================================
Received Import Request.
  Time since last request: 7.283693 seconds.
  path: Assets/Materials/Red_Mat.mat
  artifactKey: Guid(7567ef16378f4594a9d2f7f553373f87) Importer(815301076,1909f56bfc062723c751e8b465ee728b)
Start importing Assets/Materials/Red_Mat.mat using Guid(7567ef16378f4594a9d2f7f553373f87) Importer(815301076,1909f56bfc062723c751e8b465ee728b)  -> (artifact id: '42517706b49bc5b84068370d7ae7b1d9') in 0.026233 seconds 
  Import took 0.030114 seconds .

========================================================================
Received Import Request.
  Time since last request: 70.561981 seconds.
  path: Assets/Materials/TransparentRed_Mat.mat
  artifactKey: Guid(93a37b53afbbc904b9b450baae14d451) Importer(815301076,1909f56bfc062723c751e8b465ee728b)
Start importing Assets/Materials/TransparentRed_Mat.mat using Guid(93a37b53afbbc904b9b450baae14d451) Importer(815301076,1909f56bfc062723c751e8b465ee728b)  -> (artifact id: 'f0c5a71016df12fc1f99e413f973d60d') in 0.022912 seconds 
  Import took 0.026584 seconds .

========================================================================
Received Import Request.
  Time since last request: 339.738681 seconds.
  path: Assets/Prefabs/Enemy.prefab
  artifactKey: Guid(d7a95b9c29bb24a429f8277250cba94e) Importer(815301076,1909f56bfc062723c751e8b465ee728b)
Start importing Assets/Prefabs/Enemy.prefab using Guid(d7a95b9c29bb24a429f8277250cba94e) Importer(815301076,1909f56bfc062723c751e8b465ee728b)  -> (artifact id: '4a40f08f7e4fd7c306f5d59518cdcdee') in 0.016983 seconds 
  Import took 0.021530 seconds .

========================================================================
Received Import Request.
  Time since last request: 197.284866 seconds.
  path: Assets/Materials/Red_Mat.mat
  artifactKey: Guid(7567ef16378f4594a9d2f7f553373f87) Importer(815301076,1909f56bfc062723c751e8b465ee728b)
Start importing Assets/Materials/Red_Mat.mat using Guid(7567ef16378f4594a9d2f7f553373f87) Importer(815301076,1909f56bfc062723c751e8b465ee728b)  -> (artifact id: '0a6b99ecb8fc2fe42a9f4bccca628119') in 0.013040 seconds 
  Import took 0.020924 seconds .

========================================================================
Received Import Request.
  Time since last request: 0.000208 seconds.
  path: Assets/Materials/TransparentRed_Mat.mat
  artifactKey: Guid(93a37b53afbbc904b9b450baae14d451) Importer(815301076,1909f56bfc062723c751e8b465ee728b)
Start importing Assets/Materials/TransparentRed_Mat.mat using Guid(93a37b53afbbc904b9b450baae14d451) Importer(815301076,1909f56bfc062723c751e8b465ee728b)  -> (artifact id: 'd3c54f4f63d52d7993323e1cf28f25b1') in 0.018620 seconds 
  Import took 0.025255 seconds .

========================================================================
Received Import Request.
  Time since last request: 108.052221 seconds.
  path: Assets/Prefabs/Enemy.prefab
  artifactKey: Guid(d7a95b9c29bb24a429f8277250cba94e) Importer(815301076,1909f56bfc062723c751e8b465ee728b)
Start importing Assets/Prefabs/Enemy.prefab using Guid(d7a95b9c29bb24a429f8277250cba94e) Importer(815301076,1909f56bfc062723c751e8b465ee728b)  -> (artifact id: '2165cb65bc87b9197a933e1dbd32c7d9') in 0.019302 seconds 
  Import took 0.028716 seconds .

========================================================================
Received Import Request.
  Time since last request: 2.991804 seconds.
  path: Assets/Prefabs/Enemy.prefab
  artifactKey: Guid(d7a95b9c29bb24a429f8277250cba94e) Importer(815301076,1909f56bfc062723c751e8b465ee728b)
Start importing Assets/Prefabs/Enemy.prefab using Guid(d7a95b9c29bb24a429f8277250cba94e) Importer(815301076,1909f56bfc062723c751e8b465ee728b)  -> (artifact id: 'a70e934711c68a87bbe66c19e9ac4b2e') in 0.021210 seconds 
  Import took 0.033337 seconds .

========================================================================
Received Import Request.
  Time since last request: 1.792583 seconds.
  path: Assets/Prefabs/Enemy.prefab
  artifactKey: Guid(d7a95b9c29bb24a429f8277250cba94e) Importer(815301076,1909f56bfc062723c751e8b465ee728b)
Start importing Assets/Prefabs/Enemy.prefab using Guid(d7a95b9c29bb24a429f8277250cba94e) Importer(815301076,1909f56bfc062723c751e8b465ee728b)  -> (artifact id: 'bc77cac7af4ad6bfa9f590472e28f48a') in 0.025803 seconds 
  Import took 0.034161 seconds .

========================================================================
Received Import Request.
  Time since last request: 1.171891 seconds.
  path: Assets/Prefabs/Enemy.prefab
  artifactKey: Guid(d7a95b9c29bb24a429f8277250cba94e) Importer(815301076,1909f56bfc062723c751e8b465ee728b)
Start importing Assets/Prefabs/Enemy.prefab using Guid(d7a95b9c29bb24a429f8277250cba94e) Importer(815301076,1909f56bfc062723c751e8b465ee728b)  -> (artifact id: '83f237cc1b03933690f45aa147a5e966') in 0.019895 seconds 
  Import took 0.027208 seconds .

========================================================================
Received Import Request.
  Time since last request: 7.240327 seconds.
  path: Assets/Prefabs/Enemy.prefab
  artifactKey: Guid(d7a95b9c29bb24a429f8277250cba94e) Importer(815301076,1909f56bfc062723c751e8b465ee728b)
Start importing Assets/Prefabs/Enemy.prefab using Guid(d7a95b9c29bb24a429f8277250cba94e) Importer(815301076,1909f56bfc062723c751e8b465ee728b)  -> (artifact id: '65fc1a07240ae2aff22e4e16788d7410') in 0.026936 seconds 
  Import took 0.032966 seconds .

========================================================================
Received Import Request.
  Time since last request: 1.379934 seconds.
  path: Assets/Prefabs/Enemy.prefab
  artifactKey: Guid(d7a95b9c29bb24a429f8277250cba94e) Importer(815301076,1909f56bfc062723c751e8b465ee728b)
Start importing Assets/Prefabs/Enemy.prefab using Guid(d7a95b9c29bb24a429f8277250cba94e) Importer(815301076,1909f56bfc062723c751e8b465ee728b)  -> (artifact id: 'dbaa287145d3b5f24ec086af15d15677') in 0.041217 seconds 
  Import took 0.052351 seconds .

========================================================================
Received Import Request.
  Time since last request: 3.177083 seconds.
  path: Assets/Prefabs/Enemy.prefab
  artifactKey: Guid(d7a95b9c29bb24a429f8277250cba94e) Importer(815301076,1909f56bfc062723c751e8b465ee728b)
Start importing Assets/Prefabs/Enemy.prefab using Guid(d7a95b9c29bb24a429f8277250cba94e) Importer(815301076,1909f56bfc062723c751e8b465ee728b)  -> (artifact id: '2b7ff524e3c4c0110f878ccfde785ae7') in 0.023363 seconds 
  Import took 0.031845 seconds .

========================================================================
Received Import Request.
  Time since last request: 4.005946 seconds.
  path: Assets/Prefabs/Enemy.prefab
  artifactKey: Guid(d7a95b9c29bb24a429f8277250cba94e) Importer(815301076,1909f56bfc062723c751e8b465ee728b)
Start importing Assets/Prefabs/Enemy.prefab using Guid(d7a95b9c29bb24a429f8277250cba94e) Importer(815301076,1909f56bfc062723c751e8b465ee728b)  -> (artifact id: 'e994682b9c6f5adaac14ae962b50510e') in 0.025630 seconds 
  Import took 0.034110 seconds .

========================================================================
Received Import Request.
  Time since last request: 1.381063 seconds.
  path: Assets/Prefabs/Enemy.prefab
  artifactKey: Guid(d7a95b9c29bb24a429f8277250cba94e) Importer(815301076,1909f56bfc062723c751e8b465ee728b)
Start importing Assets/Prefabs/Enemy.prefab using Guid(d7a95b9c29bb24a429f8277250cba94e) Importer(815301076,1909f56bfc062723c751e8b465ee728b)  -> (artifact id: 'a0cfb983a79f0bce135aa8a2eb9fed05') in 0.014244 seconds 
  Import took 0.028967 seconds .

========================================================================
Received Import Request.
  Time since last request: 4.613708 seconds.
  path: Assets/Prefabs/Enemy.prefab
  artifactKey: Guid(d7a95b9c29bb24a429f8277250cba94e) Importer(815301076,1909f56bfc062723c751e8b465ee728b)
Start importing Assets/Prefabs/Enemy.prefab using Guid(d7a95b9c29bb24a429f8277250cba94e) Importer(815301076,1909f56bfc062723c751e8b465ee728b)  -> (artifact id: '5523c944c1c577ff99d7b87cf2c6f6c1') in 0.045906 seconds 
  Import took 0.052235 seconds .

========================================================================
Received Import Request.
  Time since last request: 4.598470 seconds.
  path: Assets/Prefabs/Enemy.prefab
  artifactKey: Guid(d7a95b9c29bb24a429f8277250cba94e) Importer(815301076,1909f56bfc062723c751e8b465ee728b)
Start importing Assets/Prefabs/Enemy.prefab using Guid(d7a95b9c29bb24a429f8277250cba94e) Importer(815301076,1909f56bfc062723c751e8b465ee728b)  -> (artifact id: '2b3ed1b3c357905e4b891b356294b400') in 0.018987 seconds 
  Import took 0.028919 seconds .

========================================================================
Received Import Request.
  Time since last request: 2.600344 seconds.
  path: Assets/Prefabs/Enemy.prefab
  artifactKey: Guid(d7a95b9c29bb24a429f8277250cba94e) Importer(815301076,1909f56bfc062723c751e8b465ee728b)
Start importing Assets/Prefabs/Enemy.prefab using Guid(d7a95b9c29bb24a429f8277250cba94e) Importer(815301076,1909f56bfc062723c751e8b465ee728b)  -> (artifact id: 'f4ba222e524b86b484cdf10dec2c65d0') in 0.024051 seconds 
  Import took 0.033748 seconds .

========================================================================
Received Import Request.
  Time since last request: 5.833456 seconds.
  path: Assets/Prefabs/Enemy.prefab
  artifactKey: Guid(d7a95b9c29bb24a429f8277250cba94e) Importer(815301076,1909f56bfc062723c751e8b465ee728b)
Start importing Assets/Prefabs/Enemy.prefab using Guid(d7a95b9c29bb24a429f8277250cba94e) Importer(815301076,1909f56bfc062723c751e8b465ee728b)  -> (artifact id: '285d8b40502db4498ceebdee57f12860') in 0.021581 seconds 
  Import took 0.031835 seconds .

========================================================================
Received Import Request.
  Time since last request: 24.847095 seconds.
  path: Assets/Prefabs/Enemy.prefab
  artifactKey: Guid(d7a95b9c29bb24a429f8277250cba94e) Importer(815301076,1909f56bfc062723c751e8b465ee728b)
Start importing Assets/Prefabs/Enemy.prefab using Guid(d7a95b9c29bb24a429f8277250cba94e) Importer(815301076,1909f56bfc062723c751e8b465ee728b)  -> (artifact id: '5f663a1465b643f2f64ecd678993171a') in 0.016026 seconds 
  Import took 0.020094 seconds .

========================================================================
Received Import Request.
  Time since last request: 1.777125 seconds.
  path: Assets/Textures/circuit-board-seamless-pattern_98292-3920.jpg
  artifactKey: Guid(a31ce60a0003e814eb1e6eb7f8cd750d) Importer(815301076,1909f56bfc062723c751e8b465ee728b)
Start importing Assets/Textures/circuit-board-seamless-pattern_98292-3920.jpg using Guid(a31ce60a0003e814eb1e6eb7f8cd750d) Importer(815301076,1909f56bfc062723c751e8b465ee728b)  -> (artifact id: 'f2033770f9ac269ee1e346a4b5cc6d2b') in 0.025147 seconds 
  Import took 0.029196 seconds .

========================================================================
Received Import Request.
  Time since last request: 0.000557 seconds.
  path: Assets/Textures/seamless-wood-background-1.jpg
  artifactKey: Guid(7274d2892f3cf7048b3389e95aed07af) Importer(815301076,1909f56bfc062723c751e8b465ee728b)
Start importing Assets/Textures/seamless-wood-background-1.jpg using Guid(7274d2892f3cf7048b3389e95aed07af) Importer(815301076,1909f56bfc062723c751e8b465ee728b)  -> (artifact id: 'df4a9a842dda314b1a73b531b5a44123') in 0.023452 seconds 
  Import took 0.026497 seconds .

========================================================================
Received Import Request.
  Time since last request: 951.785239 seconds.
  path: Assets/Textures/boca.png
  artifactKey: Guid(b2147b202321a62479daba1a510f6f2e) Importer(815301076,1909f56bfc062723c751e8b465ee728b)
Start importing Assets/Textures/boca.png using Guid(b2147b202321a62479daba1a510f6f2e) Importer(815301076,1909f56bfc062723c751e8b465ee728b)  -> (artifact id: '579b62a7fd50e04a0a77889247dffb63') in 0.030918 seconds 
  Import took 0.035232 seconds .

========================================================================
Received Import Request.
  Time since last request: 14.651680 seconds.
  path: Assets/Materials/Mouth_mat.mat
  artifactKey: Guid(a252a87ded44e274fa9539eb0ad5f818) Importer(815301076,1909f56bfc062723c751e8b465ee728b)
Start importing Assets/Materials/Mouth_mat.mat using Guid(a252a87ded44e274fa9539eb0ad5f818) Importer(815301076,1909f56bfc062723c751e8b465ee728b)  -> (artifact id: '38422bea696ff456fb2e5b04250eba51') in 0.023864 seconds 
  Import took 0.028601 seconds .

========================================================================
Received Import Request.
  Time since last request: 164.239260 seconds.
  path: Assets/Materials/Mouth_mat.mat
  artifactKey: Guid(a252a87ded44e274fa9539eb0ad5f818) Importer(815301076,1909f56bfc062723c751e8b465ee728b)
Start importing Assets/Materials/Mouth_mat.mat using Guid(a252a87ded44e274fa9539eb0ad5f818) Importer(815301076,1909f56bfc062723c751e8b465ee728b)  -> (artifact id: '89467886241293e3bf9c110081eb23b0') in 0.015087 seconds 
  Import took 0.025854 seconds .

AssetImportWorkerClient::OnTransportError - code=2 error=End of file
